  fFndVariableTypeCplusplus.cpp
c:\users\hewlett\documents\visual studio 2010\projects\ffndvariabletypecplusplus\ffndvariabletypecplusplus\ffndvariabletypecplusplus.cpp(66): warning C4996: 'freopen': This function or variable may be unsafe. Consider using freopen_s instead. To disable deprecation, use _CRT_SECURE_NO_WARNINGS. See online help for details.
          c:\program files (x86)\microsoft visual studio 10.0\vc\include\stdio.h(249) : see declaration of 'freopen'
c:\users\hewlett\documents\visual studio 2010\projects\ffndvariabletypecplusplus\ffndvariabletypecplusplus\ffndvariabletypecplusplus.cpp(70): warning C4996: 'freopen': This function or variable may be unsafe. Consider using freopen_s instead. To disable deprecation, use _CRT_SECURE_NO_WARNINGS. See online help for details.
          c:\program files (x86)\microsoft visual studio 10.0\vc\include\stdio.h(249) : see declaration of 'freopen'
c:\users\hewlett\documents\visual studio 2010\projects\ffndvariabletypecplusplus\ffndvariabletypecplusplus\ffndvariabletypecplusplus.cpp(78): warning C4996: 'freopen': This function or variable may be unsafe. Consider using freopen_s instead. To disable deprecation, use _CRT_SECURE_NO_WARNINGS. See online help for details.
          c:\program files (x86)\microsoft visual studio 10.0\vc\include\stdio.h(249) : see declaration of 'freopen'
c:\users\hewlett\documents\visual studio 2010\projects\ffndvariabletypecplusplus\ffndvariabletypecplusplus\ffndvariabletypecplusplus.cpp(82): warning C4996: 'freopen': This function or variable may be unsafe. Consider using freopen_s instead. To disable deprecation, use _CRT_SECURE_NO_WARNINGS. See online help for details.
          c:\program files (x86)\microsoft visual studio 10.0\vc\include\stdio.h(249) : see declaration of 'freopen'
c:\users\hewlett\documents\visual studio 2010\projects\ffndvariabletypecplusplus\ffndvariabletypecplusplus\ffndvariabletypecplusplus.cpp(98): warning C4018: '<' : signed/unsigned mismatch
c:\users\hewlett\documents\visual studio 2010\projects\ffndvariabletypecplusplus\ffndvariabletypecplusplus\ffndvariabletypecplusplus.cpp(100): warning C4018: '<' : signed/unsigned mismatch
c:\users\hewlett\documents\visual studio 2010\projects\ffndvariabletypecplusplus\ffndvariabletypecplusplus\ffndvariabletypecplusplus.cpp(104): warning C4018: '<' : signed/unsigned mismatch
c:\users\hewlett\documents\visual studio 2010\projects\ffndvariabletypecplusplus\ffndvariabletypecplusplus\ffndvariabletypecplusplus.cpp(150): warning C4018: '<' : signed/unsigned mismatch
c:\users\hewlett\documents\visual studio 2010\projects\ffndvariabletypecplusplus\ffndvariabletypecplusplus\ffndvariabletypecplusplus.cpp(226): warning C4018: '<' : signed/unsigned mismatch
c:\users\hewlett\documents\visual studio 2010\projects\ffndvariabletypecplusplus\ffndvariabletypecplusplus\ffndvariabletypecplusplus.cpp(232): warning C4018: '<' : signed/unsigned mismatch
c:\users\hewlett\documents\visual studio 2010\projects\ffndvariabletypecplusplus\ffndvariabletypecplusplus\ffndvariabletypecplusplus.cpp(241): warning C4018: '<' : signed/unsigned mismatch
c:\users\hewlett\documents\visual studio 2010\projects\ffndvariabletypecplusplus\ffndvariabletypecplusplus\ffndvariabletypecplusplus.cpp(261): warning C4996: 'freopen': This function or variable may be unsafe. Consider using freopen_s instead. To disable deprecation, use _CRT_SECURE_NO_WARNINGS. See online help for details.
          c:\program files (x86)\microsoft visual studio 10.0\vc\include\stdio.h(249) : see declaration of 'freopen'
c:\users\hewlett\documents\visual studio 2010\projects\ffndvariabletypecplusplus\ffndvariabletypecplusplus\ffndvariabletypecplusplus.cpp(324): warning C4018: '<' : signed/unsigned mismatch
c:\users\hewlett\documents\visual studio 2010\projects\ffndvariabletypecplusplus\ffndvariabletypecplusplus\ffndvariabletypecplusplus.cpp(409): warning C4018: '<' : signed/unsigned mismatch
c:\users\hewlett\documents\visual studio 2010\projects\ffndvariabletypecplusplus\ffndvariabletypecplusplus\ffndvariabletypecplusplus.cpp(484): warning C4018: '<' : signed/unsigned mismatch
c:\users\hewlett\documents\visual studio 2010\projects\ffndvariabletypecplusplus\ffndvariabletypecplusplus\ffndvariabletypecplusplus.cpp(504): warning C4996: 'freopen': This function or variable may be unsafe. Consider using freopen_s instead. To disable deprecation, use _CRT_SECURE_NO_WARNINGS. See online help for details.
          c:\program files (x86)\microsoft visual studio 10.0\vc\include\stdio.h(249) : see declaration of 'freopen'
  fFndVariableTypeCplusplus.vcxproj -> C:\Users\hewlett\Documents\Visual Studio 2010\Projects\fFndVariableTypeCplusplus\Debug\FndVariableTypeCplusplus.exe
